<?xml version="1.0" encoding="UTF-8"?>
<!-- Generated by org.testng.reporters.JUnitReportReporter -->
<testsuite hostname="BOOK-4QTRLAP57K" failures="0" tests="3" name="sevenMartPackage.HomePageTest" time="7.820" errors="1" timestamp="2025-05-07T07:41:50 IST" skipped="2">
  <testcase classname="sevenMartPackage.HomePageTest" name="goToHomePageAndLogOut" time="3.832">
    <error message="C:\Users\shanu\eclipse-workspace\7rMartSupermarketProject\src\test\resources\TestData.xlsx (The system cannot find the path specified)" type="java.io.FileNotFoundException">
      <![CDATA[java.io.FileNotFoundException: C:\Users\shanu\eclipse-workspace\7rMartSupermarketProject\src\test\resources\TestData.xlsx (The system cannot find the path specified)
at java.base/java.io.FileInputStream.open0(Native Method)
at java.base/java.io.FileInputStream.open(FileInputStream.java:219)
at java.base/java.io.FileInputStream.<init>(FileInputStream.java:159)
at java.base/java.io.FileInputStream.<init>(FileInputStream.java:112)
at utilities.ExcelUtility.getStringData(ExcelUtility.java:17)
at sevenMartPackage.HomePageTest.goToHomePageAndLogOut(HomePageTest.java:20)
at java.base/jdk.internal.reflect.DirectMethodHandleAccessor.invoke(DirectMethodHandleAccessor.java:103)
at java.base/java.lang.reflect.Method.invoke(Method.java:580)
at org.testng.internal.MethodInvocationHelper.invokeMethod(MethodInvocationHelper.java:133)
at org.testng.internal.TestInvoker.invokeMethod(TestInvoker.java:598)
at org.testng.internal.TestInvoker.retryFailed(TestInvoker.java:213)
at org.testng.internal.MethodRunner.runInSequence(MethodRunner.java:58)
at org.testng.internal.TestInvoker$MethodInvocationAgent.invoke(TestInvoker.java:824)
at org.testng.internal.TestInvoker.invokeTestMethods(TestInvoker.java:146)
at org.testng.internal.TestMethodWorker.invokeTestMethods(TestMethodWorker.java:146)
at org.testng.internal.TestMethodWorker.run(TestMethodWorker.java:128)
at java.base/java.util.concurrent.ThreadPoolExecutor.runWorker(ThreadPoolExecutor.java:1144)
at java.base/java.util.concurrent.ThreadPoolExecutor$Worker.run(ThreadPoolExecutor.java:642)
at java.base/java.lang.Thread.run(Thread.java:1575)
]]>
    </error>
  </testcase> <!-- goToHomePageAndLogOut -->
  <system-out/>
  <testcase classname="sevenMartPackage.HomePageTest" name="goToHomePageAndLogOut" time="1.971">
    <skipped/>
  </testcase> <!-- goToHomePageAndLogOut -->
  <system-out/>
  <testcase classname="sevenMartPackage.HomePageTest" name="goToHomePageAndLogOut" time="2.017">
    <skipped/>
  </testcase> <!-- goToHomePageAndLogOut -->
  <system-out/>
</testsuite> <!-- sevenMartPackage.HomePageTest -->
