<?xml version="1.0" encoding="UTF-8"?>
<!-- Generated by org.testng.reporters.JUnitReportReporter -->
<testsuite hostname="BOOK-4QTRLAP57K" failures="0" tests="1" name="sevenMartPackage.AdminUsersTest" time="4.359" errors="0" timestamp="2025-05-08T13:01:44 IST" skipped="0">
  <testcase classname="sevenMartPackage.AdminUsersTest" name="addNewUser" time="4.359"/>
  <system-out/>
</testsuite> <!-- sevenMartPackage.AdminUsersTest -->
