<?xml version="1.0" encoding="UTF-8"?>
<!-- Generated by org.testng.reporters.JUnitReportReporter -->
<testsuite hostname="BOOK-4QTRLAP57K" failures="0" tests="1" name="sevenMartPackage.AdminUsersTest" time="5.724" errors="0" timestamp="2025-05-09T11:42:43 IST" skipped="0">
  <testcase classname="sevenMartPackage.AdminUsersTest" name="searchAnyUserMethodWithArgument" time="5.724"/>
  <system-out/>
</testsuite> <!-- sevenMartPackage.AdminUsersTest -->
