<?xml version="1.0" encoding="UTF-8"?>
<!-- Generated by org.testng.reporters.JUnitReportReporter -->
<testsuite hostname="BOOK-4QTRLAP57K" failures="0" tests="1" name="sevenMartPackage.AdminUsersTest" time="5.499" errors="0" timestamp="2025-05-08T05:38:26 IST" skipped="0">
  <testcase classname="sevenMartPackage.AdminUsersTest" name="addNewUser" time="5.499"/>
  <system-out/>
</testsuite> <!-- sevenMartPackage.AdminUsersTest -->
