<?xml version="1.0" encoding="UTF-8"?>
<!-- Generated by org.testng.reporters.JUnitReportReporter -->
<testsuite hostname="BOOK-4QTRLAP57K" failures="0" tests="1" name="sevenMartPackage.ManageProductPageTest" time="4.554" errors="0" timestamp="2025-04-25T21:53:10 IST" skipped="0">
  <testcase classname="sevenMartPackage.ManageProductPageTest" name="searchProduct" time="4.554"/>
  <system-out/>
</testsuite> <!-- sevenMartPackage.ManageProductPageTest -->
