<?xml version="1.0" encoding="UTF-8"?>
<!-- Generated by org.testng.reporters.JUnitReportReporter -->
<testsuite hostname="BOOK-4QTRLAP57K" failures="0" tests="2" name="sevenMartPackage.LoginPageTest" time="7.155" errors="0" timestamp="2025-05-08T06:35:59 IST" skipped="0">
  <testcase classname="sevenMartPackage.LoginPageTest" name="verifyUserLoginWithValidCredentials" time="4.875"/>
  <system-out/>
  <testcase classname="sevenMartPackage.LoginPageTest" name="verifyUserLoginWithValidUsernameAndInvalidPaswd" time="2.280"/>
  <system-out/>
</testsuite> <!-- sevenMartPackage.LoginPageTest -->
