<?xml version="1.0" encoding="UTF-8"?>
<!-- Generated by org.testng.reporters.JUnitReportReporter -->
<testsuite hostname="BOOK-4QTRLAP57K" failures="0" tests="2" name="sevenMartPackage.LoginPageTest" time="7.066" errors="0" timestamp="2025-05-06T12:32:01 IST" skipped="0">
  <testcase classname="sevenMartPackage.LoginPageTest" name="verifyUserLoginWithValidCredentials" time="3.650"/>
  <system-out/>
  <testcase classname="sevenMartPackage.LoginPageTest" name="verifyUserLoginWithValidUsernameAndInvalidPaswd" time="3.416"/>
  <system-out/>
</testsuite> <!-- sevenMartPackage.LoginPageTest -->
