<?xml version="1.0" encoding="UTF-8"?>
<!-- Generated by org.testng.reporters.JUnitReportReporter -->
<testsuite hostname="BOOK-4QTRLAP57K" failures="0" tests="3" name="sevenMartPackage.ManageNewsTest" time="14.366" errors="0" timestamp="2025-05-06T12:13:13 IST" skipped="1">
  <testcase classname="sevenMartPackage.ManageNewsTest" name="addNewsInManageNewsModule" time="2.694">
    <skipped/>
  </testcase> <!-- addNewsInManageNewsModule -->
  <system-out/>
  <testcase classname="sevenMartPackage.ManageNewsTest" name="searchAnyNews" time="5.848"/>
  <system-out/>
  <testcase classname="sevenMartPackage.ManageNewsTest" name="addNewsInManageNewsModule" time="5.824"/>
  <system-out/>
</testsuite> <!-- sevenMartPackage.ManageNewsTest -->
