<?xml version="1.0" encoding="UTF-8"?>
<!-- Generated by org.testng.reporters.JUnitReportReporter -->
<testsuite hostname="BOOK-4QTRLAP57K" failures="0" tests="2" name="sevenMartPackage.ManageNewsTest" time="10.213" errors="0" timestamp="2025-05-08T05:39:06 IST" skipped="0">
  <testcase classname="sevenMartPackage.ManageNewsTest" name="addNewsInManageNewsModule" time="4.635"/>
  <system-out/>
  <testcase classname="sevenMartPackage.ManageNewsTest" name="addNewsInManageNewsModule" time="5.578"/>
  <system-out/>
</testsuite> <!-- sevenMartPackage.ManageNewsTest -->
