<?xml version="1.0" encoding="UTF-8"?>
<!-- Generated by org.testng.reporters.JUnitReportReporter -->
<testsuite hostname="BOOK-4QTRLAP57K" failures="0" tests="2" name="sevenMartPackage.HomePageTest" time="8.932" errors="0" timestamp="2025-05-06T12:13:13 IST" skipped="1">
  <testcase classname="sevenMartPackage.HomePageTest" name="goToHomePageAndLogOut" time="3.435">
    <skipped/>
  </testcase> <!-- goToHomePageAndLogOut -->
  <system-out/>
  <testcase classname="sevenMartPackage.HomePageTest" name="goToHomePageAndLogOut" time="5.497"/>
  <system-out/>
</testsuite> <!-- sevenMartPackage.HomePageTest -->
